<?xml version="1.0" encoding="UTF-8"?>
<testsuite xmlns:xsi="http://www.w3.org/2001/XMLSchema-instance" xsi:noNamespaceSchemaLocation="https://maven.apache.org/surefire/maven-surefire-plugin/xsd/surefire-test-report.xsd" name="com.game.AppTest" time="0.377" tests="1" errors="0" skipped="0" failures="0">
  <properties>
    <property name="java.specification.version" value="19"/>
    <property name="sun.cpu.isalist" value="amd64"/>
    <property name="sun.jnu.encoding" value="Cp1252"/>
    <property name="java.class.path" value="c:\Users\johan.LAPTOP-2MDCGM40\OneDrive\Escritorio\ProyectosSolo\pong\target\test-classes;c:\Users\johan.LAPTOP-2MDCGM40\OneDrive\Escritorio\ProyectosSolo\pong\target\classes;C:\Users\johan.LAPTOP-2MDCGM40\.m2\repository\junit\junit\4.11\junit-4.11.jar;C:\Users\johan.LAPTOP-2MDCGM40\.m2\repository\org\hamcrest\hamcrest-core\1.3\hamcrest-core-1.3.jar;"/>
    <property name="java.vm.vendor" value="Oracle Corporation"/>
    <property name="sun.arch.data.model" value="64"/>
    <property name="user.variant" value=""/>
    <property name="java.vendor.url" value="https://java.oracle.com/"/>
    <property name="user.timezone" value="America/Bogota"/>
    <property name="os.name" value="Windows 10"/>
    <property name="java.vm.specification.version" value="19"/>
    <property name="sun.java.launcher" value="SUN_STANDARD"/>
    <property name="user.country" value="CO"/>
    <property name="sun.boot.library.path" value="C:\Program Files\Java\jdk-19\bin"/>
    <property name="sun.java.command" value="C:\Users\JOHAN~1.LAP\AppData\Local\Temp\surefire6098868674468343010\surefirebooter12784649839806600211.jar C:\Users\johan.LAPTOP-2MDCGM40\AppData\Local\Temp\surefire6098868674468343010 2022-10-09T20-11-27_902-jvmRun1 surefire7470539030280757909tmp surefire_014102708974801233855tmp"/>
    <property name="jdk.debug" value="release"/>
    <property name="surefire.test.class.path" value="c:\Users\johan.LAPTOP-2MDCGM40\OneDrive\Escritorio\ProyectosSolo\pong\target\test-classes;c:\Users\johan.LAPTOP-2MDCGM40\OneDrive\Escritorio\ProyectosSolo\pong\target\classes;C:\Users\johan.LAPTOP-2MDCGM40\.m2\repository\junit\junit\4.11\junit-4.11.jar;C:\Users\johan.LAPTOP-2MDCGM40\.m2\repository\org\hamcrest\hamcrest-core\1.3\hamcrest-core-1.3.jar;"/>
    <property name="sun.cpu.endian" value="little"/>
    <property name="user.home" value="C:\Users\johan.LAPTOP-2MDCGM40"/>
    <property name="user.language" value="es"/>
    <property name="java.specification.vendor" value="Oracle Corporation"/>
    <property name="java.version.date" value="2022-09-20"/>
    <property name="java.home" value="C:\Program Files\Java\jdk-19"/>
    <property name="file.separator" value="\"/>
    <property name="basedir" value="c:\Users\johan.LAPTOP-2MDCGM40\OneDrive\Escritorio\ProyectosSolo\pong"/>
    <property name="java.vm.compressedOopsMode" value="32-bit"/>
    <property name="line.separator" value="&#10;"/>
    <property name="java.vm.specification.vendor" value="Oracle Corporation"/>
    <property name="java.specification.name" value="Java Platform API Specification"/>
    <property name="surefire.real.class.path" value="C:\Users\JOHAN~1.LAP\AppData\Local\Temp\surefire6098868674468343010\surefirebooter12784649839806600211.jar"/>
    <property name="user.script" value=""/>
    <property name="sun.management.compiler" value="HotSpot 64-Bit Tiered Compilers"/>
    <property name="java.runtime.version" value="19+36-2238"/>
    <property name="user.name" value="JohanCa"/>
    <property name="stdout.encoding" value="Cp1252"/>
    <property name="path.separator" value=";"/>
    <property name="os.version" value="10.0"/>
    <property name="java.runtime.name" value="Java(TM) SE Runtime Environment"/>
    <property name="file.encoding" value="UTF-8"/>
    <property name="java.vm.name" value="Java HotSpot(TM) 64-Bit Server VM"/>
    <property name="localRepository" value="C:\Users\johan.LAPTOP-2MDCGM40\.m2\repository"/>
    <property name="java.vendor.url.bug" value="https://bugreport.java.com/bugreport/"/>
    <property name="java.io.tmpdir" value="C:\Users\JOHAN~1.LAP\AppData\Local\Temp\"/>
    <property name="java.version" value="19"/>
    <property name="user.dir" value="c:\Users\johan.LAPTOP-2MDCGM40\OneDrive\Escritorio\ProyectosSolo\pong"/>
    <property name="os.arch" value="amd64"/>
    <property name="java.vm.specification.name" value="Java Virtual Machine Specification"/>
    <property name="sun.os.patch.level" value=""/>
    <property name="native.encoding" value="Cp1252"/>
    <property name="java.library.path" value="C:\Program Files\Java\jdk-19\bin;C:\WINDOWS\Sun\Java\bin;C:\WINDOWS\system32;C:\WINDOWS;C:\Program Files\Java\apache-maven-3.8.6;C:\Program Files\Common Files\Oracle\Java\javapath;C:\Program Files (x86)\Common Files\Oracle\Java\javapath;C:\ProgramData\Oracle\Java\javapath;C:\Program Files (x86)\Intel\TXE Components\TCS\;C:\Program Files\Intel\TXE Components\TCS\;C:\WINDOWS\system32;C:\WINDOWS;C:\WINDOWS\System32\Wbem;C:\WINDOWS\System32\WindowsPowerShell\v1.0\;C:\Program Files\Intel\TXE Components\DAL\;C:\Program Files (x86)\Intel\TXE Components\DAL\;C:\Program Files\Intel\TXE Components\IPT\;C:\Program Files (x86)\Intel\TXE Components\IPT\;C:\WINDOWS\System32\OpenSSH\;C:\TDM-GCC-64\bin;C:\Program Files\Java\jdk-19\\bin;C:\Program Files\Java\apache-maven-3.8.6\bin;C:\Program Files\Git\cmd;C:\Users\johan.LAPTOP-2MDCGM40\AppData\Local\Programs\Python\Python310\Scripts\;C:\Users\johan.LAPTOP-2MDCGM40\AppData\Local\Programs\Python\Python310\;C:\Users\johan.LAPTOP-2MDCGM40\AppData\Local\Microsoft\WindowsApps;C:\Users\johan.LAPTOP-2MDCGM40\AppData\Local\Programs\Microsoft VS Code\bin;;."/>
    <property name="java.vm.info" value="mixed mode, sharing"/>
    <property name="stderr.encoding" value="Cp1252"/>
    <property name="java.vendor" value="Oracle Corporation"/>
    <property name="java.vm.version" value="19+36-2238"/>
    <property name="sun.io.unicode.encoding" value="UnicodeLittle"/>
    <property name="java.class.version" value="63.0"/>
  </properties>
  <testcase name="shouldAnswerWithTrue" classname="com.game.AppTest" time="0.016"/>
</testsuite>